[debug] [2022-12-27T18:23:11.761Z] ----------------------------------------------------------------------
[debug] [2022-12-27T18:23:11.762Z] Command:       /usr/local/bin/node /usr/local/bin/firebase init
[debug] [2022-12-27T18:23:11.762Z] CLI Version:   11.19.0
[debug] [2022-12-27T18:23:11.762Z] Platform:      darwin
[debug] [2022-12-27T18:23:11.762Z] Node Version:  v18.12.1
[debug] [2022-12-27T18:23:11.763Z] Time:          Tue Dec 27 2022 21:23:11 GMT+0300 (GMT+03:00)
[debug] [2022-12-27T18:23:11.763Z] ----------------------------------------------------------------------
[debug] 
[debug] [2022-12-27T18:23:11.796Z] > command requires scopes: ["email","openid","https://www.googleapis.com/auth/cloudplatformprojects.readonly","https://www.googleapis.com/auth/firebase","https://www.googleapis.com/auth/cloud-platform"]
[debug] [2022-12-27T18:23:11.797Z] > authorizing via signed-in user (ardabagce@gmail.com)
[info] 
     ######## #### ########  ######## ########     ###     ######  ########
     ##        ##  ##     ## ##       ##     ##  ##   ##  ##       ##
     ######    ##  ########  ######   ########  #########  ######  ######
     ##        ##  ##    ##  ##       ##     ## ##     ##       ## ##
     ##       #### ##     ## ######## ########  ##     ##  ######  ########

You're about to initialize a Firebase project in this directory:

  /Users/ardabagce/Desktop/beer

Before we get started, keep in mind:

  * You are initializing within an existing Firebase project directory

[info] 
=== Project Setup
[info] 
[info] First, let's associate this project directory with a Firebase project.
[info] You can create multiple project aliases by running firebase use --add, 
[info] but for now we'll just set up a default project.
[info] 
[debug] [2022-12-27T18:23:17.396Z] Using project from CLI flag: ardaregister-18d82
[debug] [2022-12-27T18:23:17.399Z] >>> [apiv2][query] GET https://firebase.googleapis.com/v1beta1/projects/ardaregister-18d82 [none]
[debug] [2022-12-27T18:23:17.950Z] <<< [apiv2][status] GET https://firebase.googleapis.com/v1beta1/projects/ardaregister-18d82 200
[debug] [2022-12-27T18:23:17.950Z] <<< [apiv2][body] GET https://firebase.googleapis.com/v1beta1/projects/ardaregister-18d82 {"projectId":"ardaregister-18d82","projectNumber":"770280114552","displayName":"ArdaRegister","name":"projects/ardaregister-18d82","resources":{"hostingSite":"ardaregister-18d82","realtimeDatabaseInstance":"ardaregister-18d82-default-rtdb"},"state":"ACTIVE","etag":"1_a2243700-f072-429a-be80-88a1f0f4201c"}
[info] i  Using project ardaregister-18d82 (ArdaRegister) 
[info] 
=== Hosting:github Setup
[info] 
[info] i  Detected a .git folder at /Users/ardabagce/Desktop/beer 
[info] i  Authorizing with GitHub to upload your service account to a GitHub repository's secrets store. 
[info] 
[info] Visit this URL on this device to log in:
[info] https://github.com/login/oauth/authorize?client_id=89cf50f02ac6aaed3484&state=325749536&redirect_uri=http%3A%2F%2Flocalhost%3A9005&scope=read%3Auser%20repo%20public_repo
[info] 
[info] Waiting for authentication...
[debug] [2022-12-27T18:23:29.119Z] >>> [apiv2][query] POST https://github.com/login/oauth/access_token [none]
[debug] [2022-12-27T18:23:29.120Z] >>> [apiv2][body] POST https://github.com/login/oauth/access_token [stream]
[debug] [2022-12-27T18:23:29.485Z] <<< [apiv2][status] POST https://github.com/login/oauth/access_token 200
[debug] [2022-12-27T18:23:29.485Z] <<< [apiv2][body] POST https://github.com/login/oauth/access_token {"access_token":"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","token_type":"bearer","scope":"read:user,repo"}
[debug] [2022-12-27T18:23:29.500Z] >>> [apiv2][query] GET https://api.github.com/user [none]
[debug] [2022-12-27T18:23:29.857Z] <<< [apiv2][status] GET https://api.github.com/user 200
[debug] [2022-12-27T18:23:29.857Z] <<< [apiv2][body] GET https://api.github.com/user {"login":"Ardabagce","id":19909791,"node_id":"MDQ6VXNlcjE5OTA5Nzkx","avatar_url":"https://avatars.githubusercontent.com/u/19909791?v=4","gravatar_id":"","url":"https://api.github.com/users/Ardabagce","html_url":"https://github.com/Ardabagce","followers_url":"https://api.github.com/users/Ardabagce/followers","following_url":"https://api.github.com/users/Ardabagce/following{/other_user}","gists_url":"https://api.github.com/users/Ardabagce/gists{/gist_id}","starred_url":"https://api.github.com/users/Ardabagce/starred{/owner}{/repo}","subscriptions_url":"https://api.github.com/users/Ardabagce/subscriptions","organizations_url":"https://api.github.com/users/Ardabagce/orgs","repos_url":"https://api.github.com/users/Ardabagce/repos","events_url":"https://api.github.com/users/Ardabagce/events{/privacy}","received_events_url":"https://api.github.com/users/Ardabagce/received_events","type":"User","site_admin":false,"name":"Arda Bağçe","company":null,"blog":"ardabagce.me","location":"Istanbul","email":"ardabagce@gmail.com","hireable":null,"bio":"$sudo","twitter_username":null,"public_repos":11,"public_gists":0,"followers":3,"following":3,"created_at":"2016-06-13T13:19:48Z","updated_at":"2022-12-12T13:12:39Z","private_gists":0,"total_private_repos":1,"owned_private_repos":1,"disk_usage":19880,"collaborators":0,"two_factor_authentication":false,"plan":{"name":"pro","space":976562499,"collaborators":0,"private_repos":9999}}
[info] 
[info] ✔  Success! Logged into GitHub as Ardabagce 
[info] 
